$completionDateTime
[1] "2017-03-24 10:19:04 PDT"

$sessionInfo
R version 3.3.2 (2016-10-31)
Platform: x86_64-w64-mingw32/x64 (64-bit)
Running under: Windows 7 x64 (build 7601) Service Pack 1

locale:
[1] LC_COLLATE=English_United States.1252 
[2] LC_CTYPE=English_United States.1252   
[3] LC_MONETARY=English_United States.1252
[4] LC_NUMERIC=C                          
[5] LC_TIME=English_United States.1252    

attached base packages:
[1] methods   stats     graphics  grDevices utils     datasets  base     

other attached packages:
 [1] gdtools_0.0.7        RColorBrewer_1.1-2   svglite_1.1.0       
 [4] ggplot2_2.1.0        metafor_1.9-8        Matrix_1.2-6        
 [7] xtable_1.8-2         xlsx_0.5.7           xlsxjars_0.6.1      
[10] rJava_0.9-8          tidyr_0.6.0          data.table_1.9.6    
[13] openxlsx_3.0.0       rmarkdown_1.0        knitr_1.14          
[16] checkpoint_0.3.16    RevoUtilsMath_10.0.0

loaded via a namespace (and not attached):
 [1] Rcpp_0.12.6      formatR_1.4      highr_0.6        plyr_1.8.4      
 [5] tools_3.3.2      digest_0.6.10    evaluate_0.9     tibble_1.1      
 [9] gtable_0.2.0     lattice_0.20-33  DBI_0.5          dplyr_0.5.0     
[13] stringr_1.0.0    RevoUtils_10.0.2 grid_3.3.2       R6_2.1.2        
[17] magrittr_1.5     scales_0.4.0     htmltools_0.3.5  assertthat_0.1  
[21] colorspace_1.2-6 stringi_1.1.1    lazyeval_0.2.0   munsell_0.4.3   
[25] chron_2.3-47    

